ERROR - 2023-09-22 01:21:01 --> Error connecting to the database: mysqli_sql_exception: Unknown database 'joa' in D:\xampp\htdocs\primer_proyecto\system\Database\MySQLi\Connection.php:174
Stack trace:
#0 D:\xampp\htdocs\primer_proyecto\system\Database\MySQLi\Connection.php(174): mysqli->real_connect('localhost', 'root', '', 'joa', 3306, '', 0)
#1 D:\xampp\htdocs\primer_proyecto\system\Database\BaseConnection.php(391): CodeIgniter\Database\MySQLi\Connection->connect(false)
#2 D:\xampp\htdocs\primer_proyecto\system\Database\BaseConnection.php(574): CodeIgniter\Database\BaseConnection->initialize()
#3 D:\xampp\htdocs\primer_proyecto\system\Database\BaseBuilder.php(1616): CodeIgniter\Database\BaseConnection->query('SELECT 1\nFROM `...', Array, false)
#4 D:\xampp\htdocs\primer_proyecto\system\Validation\StrictRules\Rules.php(206): CodeIgniter\Database\BaseBuilder->get()
#5 D:\xampp\htdocs\primer_proyecto\system\Validation\Validation.php(278): CodeIgniter\Validation\StrictRules\Rules->is_unique('joaquinnek@gmai...', 'email', Array, NULL, 'email')
#6 D:\xampp\htdocs\primer_proyecto\system\Validation\Validation.php(182): CodeIgniter\Validation\Validation->processRules('email', 'email', 'joaquinnek@gmai...', Array, Array)
#7 D:\xampp\htdocs\primer_proyecto\system\Controller.php(141): CodeIgniter\Validation\Validation->run()
#8 D:\xampp\htdocs\primer_proyecto\app\Controllers\usuario_control.php(24): CodeIgniter\Controller->validate(Array)
#9 D:\xampp\htdocs\primer_proyecto\system\CodeIgniter.php(932): App\Controllers\usuario_control->formValidation()
#10 D:\xampp\htdocs\primer_proyecto\system\CodeIgniter.php(497): CodeIgniter\CodeIgniter->runController(Object(App\Controllers\usuario_control))
#11 D:\xampp\htdocs\primer_proyecto\system\CodeIgniter.php(366): CodeIgniter\CodeIgniter->handleRequest(NULL, Object(Config\Cache), false)
#12 D:\xampp\htdocs\primer_proyecto\index.php(67): CodeIgniter\CodeIgniter->run()
#13 {main}

Next CodeIgniter\Database\Exceptions\DatabaseException: Unknown database 'joa' in D:\xampp\htdocs\primer_proyecto\system\Database\MySQLi\Connection.php:218
Stack trace:
#0 D:\xampp\htdocs\primer_proyecto\system\Database\BaseConnection.php(391): CodeIgniter\Database\MySQLi\Connection->connect(false)
#1 D:\xampp\htdocs\primer_proyecto\system\Database\BaseConnection.php(574): CodeIgniter\Database\BaseConnection->initialize()
#2 D:\xampp\htdocs\primer_proyecto\system\Database\BaseBuilder.php(1616): CodeIgniter\Database\BaseConnection->query('SELECT 1\nFROM `...', Array, false)
#3 D:\xampp\htdocs\primer_proyecto\system\Validation\StrictRules\Rules.php(206): CodeIgniter\Database\BaseBuilder->get()
#4 D:\xampp\htdocs\primer_proyecto\system\Validation\Validation.php(278): CodeIgniter\Validation\StrictRules\Rules->is_unique('joaquinnek@gmai...', 'email', Array, NULL, 'email')
#5 D:\xampp\htdocs\primer_proyecto\system\Validation\Validation.php(182): CodeIgniter\Validation\Validation->processRules('email', 'email', 'joaquinnek@gmai...', Array, Array)
#6 D:\xampp\htdocs\primer_proyecto\system\Controller.php(141): CodeIgniter\Validation\Validation->run()
#7 D:\xampp\htdocs\primer_proyecto\app\Controllers\usuario_control.php(24): CodeIgniter\Controller->validate(Array)
#8 D:\xampp\htdocs\primer_proyecto\system\CodeIgniter.php(932): App\Controllers\usuario_control->formValidation()
#9 D:\xampp\htdocs\primer_proyecto\system\CodeIgniter.php(497): CodeIgniter\CodeIgniter->runController(Object(App\Controllers\usuario_control))
#10 D:\xampp\htdocs\primer_proyecto\system\CodeIgniter.php(366): CodeIgniter\CodeIgniter->handleRequest(NULL, Object(Config\Cache), false)
#11 D:\xampp\htdocs\primer_proyecto\index.php(67): CodeIgniter\CodeIgniter->run()
#12 {main}
CRITICAL - 2023-09-22 01:21:01 --> Unable to connect to the database.
Main connection [MySQLi]: Unknown database 'joa'
in SYSTEMPATH\Database\BaseConnection.php on line 427.
 1 SYSTEMPATH\Database\BaseConnection.php(574): CodeIgniter\Database\BaseConnection->initialize()
 2 SYSTEMPATH\Database\BaseBuilder.php(1616): CodeIgniter\Database\BaseConnection->query('SELECT 1
FROM `usuarios`
WHERE `email` = :email:
 LIMIT 1', [...], false)
 3 SYSTEMPATH\Validation\StrictRules\Rules.php(206): CodeIgniter\Database\BaseBuilder->get()
 4 SYSTEMPATH\Validation\Validation.php(278): CodeIgniter\Validation\StrictRules\Rules->is_unique('joaquinnek@gmail.com', 'email', [...], null, 'email')
 5 SYSTEMPATH\Validation\Validation.php(182): CodeIgniter\Validation\Validation->processRules('email', 'email', 'joaquinnek@gmail.com', [...], [...])
 6 SYSTEMPATH\Controller.php(141): CodeIgniter\Validation\Validation->run()
 7 APPPATH\Controllers\usuario_control.php(24): CodeIgniter\Controller->validate([...])
 8 SYSTEMPATH\CodeIgniter.php(932): App\Controllers\usuario_control->formValidation()
 9 SYSTEMPATH\CodeIgniter.php(497): CodeIgniter\CodeIgniter->runController(Object(App\Controllers\usuario_control))
10 SYSTEMPATH\CodeIgniter.php(366): CodeIgniter\CodeIgniter->handleRequest(null, Object(Config\Cache), false)
11 FCPATH\index.php(67): CodeIgniter\CodeIgniter->run()
CRITICAL - 2023-09-22 19:01:12 --> syntax error, unexpected '->' (T_OBJECT_OPERATOR), expecting ';'
in APPPATH\Controllers\Login_control.php on line 52.
 1 SYSTEMPATH\Autoloader\Autoloader.php(291): CodeIgniter\Autoloader\Autoloader->includeFile('D:\\xampp\\htdocs\\primer_proyecto\\app\\Controllers\\Login_control.php')
 2 SYSTEMPATH\Autoloader\Autoloader.php(269): CodeIgniter\Autoloader\Autoloader->loadInNamespace('App\\Controllers\\Login_control')
 3 [internal function]: CodeIgniter\Autoloader\Autoloader->loadClass('App\\Controllers\\Login_control')
 4 [internal function]: spl_autoload_call('App\\Controllers\\Login_control')
 5 SYSTEMPATH\CodeIgniter.php(890): class_exists('\\App\\Controllers\\Login_control', true)
 6 SYSTEMPATH\CodeIgniter.php(484): CodeIgniter\CodeIgniter->startController()
 7 SYSTEMPATH\CodeIgniter.php(366): CodeIgniter\CodeIgniter->handleRequest(null, Object(Config\Cache), false)
 8 FCPATH\index.php(67): CodeIgniter\CodeIgniter->run()
CRITICAL - 2023-09-22 19:09:46 --> syntax error, unexpected '->' (T_OBJECT_OPERATOR), expecting ';'
in APPPATH\Controllers\Login_control.php on line 52.
 1 SYSTEMPATH\Autoloader\Autoloader.php(291): CodeIgniter\Autoloader\Autoloader->includeFile('D:\\xampp\\htdocs\\primer_proyecto\\app\\Controllers\\Login_control.php')
 2 SYSTEMPATH\Autoloader\Autoloader.php(269): CodeIgniter\Autoloader\Autoloader->loadInNamespace('App\\Controllers\\Login_control')
 3 [internal function]: CodeIgniter\Autoloader\Autoloader->loadClass('App\\Controllers\\Login_control')
 4 [internal function]: spl_autoload_call('App\\Controllers\\Login_control')
 5 SYSTEMPATH\CodeIgniter.php(890): class_exists('\\App\\Controllers\\Login_control', true)
 6 SYSTEMPATH\CodeIgniter.php(484): CodeIgniter\CodeIgniter->startController()
 7 SYSTEMPATH\CodeIgniter.php(366): CodeIgniter\CodeIgniter->handleRequest(null, Object(Config\Cache), false)
 8 FCPATH\index.php(67): CodeIgniter\CodeIgniter->run()
CRITICAL - 2023-09-22 19:15:32 --> syntax error, unexpected '->' (T_OBJECT_OPERATOR), expecting ';'
in APPPATH\Controllers\Login_control.php on line 52.
 1 SYSTEMPATH\Autoloader\Autoloader.php(291): CodeIgniter\Autoloader\Autoloader->includeFile('D:\\xampp\\htdocs\\primer_proyecto\\app\\Controllers\\Login_control.php')
 2 SYSTEMPATH\Autoloader\Autoloader.php(269): CodeIgniter\Autoloader\Autoloader->loadInNamespace('App\\Controllers\\Login_control')
 3 [internal function]: CodeIgniter\Autoloader\Autoloader->loadClass('App\\Controllers\\Login_control')
 4 [internal function]: spl_autoload_call('App\\Controllers\\Login_control')
 5 SYSTEMPATH\CodeIgniter.php(890): class_exists('\\App\\Controllers\\Login_control', true)
 6 SYSTEMPATH\CodeIgniter.php(484): CodeIgniter\CodeIgniter->startController()
 7 SYSTEMPATH\CodeIgniter.php(366): CodeIgniter\CodeIgniter->handleRequest(null, Object(Config\Cache), false)
 8 FCPATH\index.php(67): CodeIgniter\CodeIgniter->run()
CRITICAL - 2023-09-22 20:38:54 --> syntax error, unexpected '->' (T_OBJECT_OPERATOR), expecting ';'
in APPPATH\Controllers\Login_control.php on line 52.
 1 SYSTEMPATH\Autoloader\Autoloader.php(291): CodeIgniter\Autoloader\Autoloader->includeFile('D:\\xampp\\htdocs\\primer_proyecto\\app\\Controllers\\Login_control.php')
 2 SYSTEMPATH\Autoloader\Autoloader.php(269): CodeIgniter\Autoloader\Autoloader->loadInNamespace('App\\Controllers\\Login_control')
 3 [internal function]: CodeIgniter\Autoloader\Autoloader->loadClass('App\\Controllers\\Login_control')
 4 [internal function]: spl_autoload_call('App\\Controllers\\Login_control')
 5 SYSTEMPATH\CodeIgniter.php(890): class_exists('\\App\\Controllers\\Login_control', true)
 6 SYSTEMPATH\CodeIgniter.php(484): CodeIgniter\CodeIgniter->startController()
 7 SYSTEMPATH\CodeIgniter.php(366): CodeIgniter\CodeIgniter->handleRequest(null, Object(Config\Cache), false)
 8 FCPATH\index.php(67): CodeIgniter\CodeIgniter->run()
CRITICAL - 2023-09-22 20:40:10 --> syntax error, unexpected 'return' (T_RETURN), expecting ';'
in APPPATH\Controllers\Login_control.php on line 52.
 1 SYSTEMPATH\Autoloader\Autoloader.php(291): CodeIgniter\Autoloader\Autoloader->includeFile('D:\\xampp\\htdocs\\primer_proyecto\\app\\Controllers\\Login_control.php')
 2 SYSTEMPATH\Autoloader\Autoloader.php(269): CodeIgniter\Autoloader\Autoloader->loadInNamespace('App\\Controllers\\Login_control')
 3 [internal function]: CodeIgniter\Autoloader\Autoloader->loadClass('App\\Controllers\\Login_control')
 4 [internal function]: spl_autoload_call('App\\Controllers\\Login_control')
 5 SYSTEMPATH\CodeIgniter.php(890): class_exists('\\App\\Controllers\\Login_control', true)
 6 SYSTEMPATH\CodeIgniter.php(484): CodeIgniter\CodeIgniter->startController()
 7 SYSTEMPATH\CodeIgniter.php(366): CodeIgniter\CodeIgniter->handleRequest(null, Object(Config\Cache), false)
 8 FCPATH\index.php(67): CodeIgniter\CodeIgniter->run()
